  CacheProj.cpp
C:\Users\Andrey\Desktop\VKR_PROG\CacheProj\crow\http_parser_merged.h(587,32): warning C4244: =: преобразование "__int64" в "unsigned long", возможна потеря данных
  (компиляция исходного файла "CacheProj.cpp")
  
C:\Users\Andrey\Desktop\VKR_PROG\CacheProj\crow\http_parser_merged.h(607,32): warning C4244: =: преобразование "__int64" в "unsigned long", возможна потеря данных
  (компиляция исходного файла "CacheProj.cpp")
  
  Please define _WIN32_WINNT or _WIN32_WINDOWS appropriately. For example:
  - add -D_WIN32_WINNT=0x0601 to the compiler command line; or
  - add _WIN32_WINNT=0x0601 to your project's Preprocessor Definitions.
  Assuming _WIN32_WINNT=0x0601 (i.e. Windows 7 target).
C:\Users\Andrey\Desktop\VKR_PROG\CacheProj\crow\json.h(1267,35): warning C4267: аргумент: преобразование из "size_t" в "uint32_t"; возможна потеря данных
  (компиляция исходного файла "CacheProj.cpp")
  
C:\Users\Andrey\Desktop\VKR_PROG\CacheProj\crow\json.h(1749,32): warning C4267: return: преобразование из "size_t" в "int"; возможна потеря данных
  (компиляция исходного файла "CacheProj.cpp")
  
C:\Users\Andrey\Desktop\VKR_PROG\CacheProj\crow\mustache.h(180,33): warning C4267: инициализация: преобразование из "size_t" в "int"; возможна потеря данных
  (компиляция исходного файла "CacheProj.cpp")
  
C:\Users\Andrey\Desktop\VKR_PROG\CacheProj\crow\mustache.h(199,48): warning C4267: =: преобразование из "size_t" в "int"; возможна потеря данных
  (компиляция исходного файла "CacheProj.cpp")
  
C:\Users\Andrey\Desktop\VKR_PROG\CacheProj\crow\mustache.h(201,53): warning C4267: аргумент: преобразование из "size_t" в "_Ty"; возможна потеря данных
C:\Users\Andrey\Desktop\VKR_PROG\CacheProj\crow\mustache.h(201,53): warning C4267:         with
C:\Users\Andrey\Desktop\VKR_PROG\CacheProj\crow\mustache.h(201,53): warning C4267:         [
C:\Users\Andrey\Desktop\VKR_PROG\CacheProj\crow\mustache.h(201,53): warning C4267:             _Ty=int
C:\Users\Andrey\Desktop\VKR_PROG\CacheProj\crow\mustache.h(201,53): warning C4267:         ]
  (компиляция исходного файла "CacheProj.cpp")
  
C:\Users\Andrey\Desktop\VKR_PROG\CacheProj\crow\mustache.h(302,94): warning C4267: аргумент: преобразование из "size_t" в "int"; возможна потеря данных
  (компиляция исходного файла "CacheProj.cpp")
  
C:\Users\Andrey\Desktop\VKR_PROG\CacheProj\crow\mustache.h(450,54): warning C4267: аргумент: преобразование из "size_t" в "int"; возможна потеря данных
  (компиляция исходного файла "CacheProj.cpp")
  
C:\Users\Andrey\Desktop\VKR_PROG\CacheProj\crow\mustache.h(461,54): warning C4267: аргумент: преобразование из "size_t" в "int"; возможна потеря данных
  (компиляция исходного файла "CacheProj.cpp")
  
C:\Users\Andrey\Desktop\VKR_PROG\CacheProj\crow\mustache.h(479,54): warning C4267: аргумент: преобразование из "size_t" в "int"; возможна потеря данных
  (компиляция исходного файла "CacheProj.cpp")
  
C:\Users\Andrey\Desktop\VKR_PROG\CacheProj\crow\mustache.h(490,54): warning C4267: аргумент: преобразование из "size_t" в "int"; возможна потеря данных
  (компиляция исходного файла "CacheProj.cpp")
  
C:\Users\Andrey\Desktop\VKR_PROG\CacheProj\crow\routing.h(782,74): warning C4566: символ, представленный универсальным именем символа "\u2514", невозможно представить в текущей кодовой странице (1251)
  (компиляция исходного файла "CacheProj.cpp")
  
C:\Users\Andrey\Desktop\VKR_PROG\CacheProj\crow\routing.h(782,74): warning C4566: символ, представленный универсальным именем символа "\u279D", невозможно представить в текущей кодовой странице (1251)
  (компиляция исходного файла "CacheProj.cpp")
  
C:\Users\Andrey\Desktop\VKR_PROG\CacheProj\crow\routing.h(786,74): warning C4566: символ, представленный универсальным именем символа "\u2514", невозможно представить в текущей кодовой странице (1251)
  (компиляция исходного файла "CacheProj.cpp")
  
C:\Users\Andrey\Desktop\VKR_PROG\CacheProj\crow\routing.h(786,74): warning C4566: символ, представленный универсальным именем символа "\u279D", невозможно представить в текущей кодовой странице (1251)
  (компиляция исходного файла "CacheProj.cpp")
  
C:\Users\Andrey\Desktop\VKR_PROG\CacheProj\crow\routing.h(790,74): warning C4566: символ, представленный универсальным именем символа "\u2514", невозможно представить в текущей кодовой странице (1251)
  (компиляция исходного файла "CacheProj.cpp")
  
C:\Users\Andrey\Desktop\VKR_PROG\CacheProj\crow\routing.h(790,74): warning C4566: символ, представленный универсальным именем символа "\u279D", невозможно представить в текущей кодовой странице (1251)
  (компиляция исходного файла "CacheProj.cpp")
  
C:\Users\Andrey\Desktop\VKR_PROG\CacheProj\crow\routing.h(794,74): warning C4566: символ, представленный универсальным именем символа "\u2514", невозможно представить в текущей кодовой странице (1251)
  (компиляция исходного файла "CacheProj.cpp")
  
C:\Users\Andrey\Desktop\VKR_PROG\CacheProj\crow\routing.h(794,74): warning C4566: символ, представленный универсальным именем символа "\u279D", невозможно представить в текущей кодовой странице (1251)
  (компиляция исходного файла "CacheProj.cpp")
  
C:\Users\Andrey\Desktop\VKR_PROG\CacheProj\crow\routing.h(798,74): warning C4566: символ, представленный универсальным именем символа "\u2514", невозможно представить в текущей кодовой странице (1251)
  (компиляция исходного файла "CacheProj.cpp")
  
C:\Users\Andrey\Desktop\VKR_PROG\CacheProj\crow\routing.h(798,74): warning C4566: символ, представленный универсальным именем символа "\u279D", невозможно представить в текущей кодовой странице (1251)
  (компиляция исходного файла "CacheProj.cpp")
  
C:\Users\Andrey\Desktop\VKR_PROG\CacheProj\crow\routing.h(802,74): warning C4566: символ, представленный универсальным именем символа "\u2514", невозможно представить в текущей кодовой странице (1251)
  (компиляция исходного файла "CacheProj.cpp")
  
C:\Users\Andrey\Desktop\VKR_PROG\CacheProj\crow\routing.h(802,74): warning C4566: символ, представленный универсальным именем символа "\u279D", невозможно представить в текущей кодовой странице (1251)
  (компиляция исходного файла "CacheProj.cpp")
  
C:\Users\Andrey\Desktop\VKR_PROG\CacheProj\crow\routing.h(808,66): warning C4566: символ, представленный универсальным именем символа "\u2514", невозможно представить в текущей кодовой странице (1251)
  (компиляция исходного файла "CacheProj.cpp")
  
C:\Users\Andrey\Desktop\VKR_PROG\CacheProj\crow\routing.h(808,66): warning C4566: символ, представленный универсальным именем символа "\u279D", невозможно представить в текущей кодовой странице (1251)
  (компиляция исходного файла "CacheProj.cpp")
  
C:\Users\Andrey\Desktop\VKR_PROG\CacheProj\crow\routing.h(819,31): warning C4566: символ, представленный универсальным именем символа "\u2514", невозможно представить в текущей кодовой странице (1251)
  (компиляция исходного файла "CacheProj.cpp")
  
C:\Users\Andrey\Desktop\VKR_PROG\CacheProj\crow\routing.h(819,31): warning C4566: символ, представленный универсальным именем символа "\u2799", невозможно представить в текущей кодовой странице (1251)
  (компиляция исходного файла "CacheProj.cpp")
  
C:\Users\Andrey\Desktop\VKR_PROG\CacheProj\crow\routing.h(882,70): warning C4244: аргумент: преобразование "__int64" в "unsigned int", возможна потеря данных
  (компиляция исходного файла "CacheProj.cpp")
  
C:\Users\Andrey\Desktop\VKR_PROG\CacheProj\crow\routing.h(903,70): warning C4244: аргумент: преобразование "__int64" в "unsigned int", возможна потеря данных
  (компиляция исходного файла "CacheProj.cpp")
  
C:\Users\Andrey\Desktop\VKR_PROG\CacheProj\crow\routing.h(924,70): warning C4244: аргумент: преобразование "__int64" в "unsigned int", возможна потеря данных
  (компиляция исходного файла "CacheProj.cpp")
  
C:\Users\Andrey\Desktop\VKR_PROG\CacheProj\crow\routing.h(946,61): warning C4267: аргумент: преобразование из "size_t" в "unsigned int"; возможна потеря данных
  (компиляция исходного файла "CacheProj.cpp")
  
C:\Users\Andrey\Desktop\VKR_PROG\CacheProj\crow\routing.h(962,61): warning C4267: аргумент: преобразование из "size_t" в "unsigned int"; возможна потеря данных
  (компиляция исходного файла "CacheProj.cpp")
  
C:\Users\Andrey\Desktop\VKR_PROG\CacheProj\crow\routing.h(977,61): warning C4267: аргумент: преобразование из "size_t" в "unsigned int"; возможна потеря данных
  (компиляция исходного файла "CacheProj.cpp")
  
C:\Users\Andrey\Desktop\VKR_PROG\CacheProj\crow\routing.h(1032,53): warning C4267: +=: преобразование из "size_t" в "unsigned int"; возможна потеря данных
  (компиляция исходного файла "CacheProj.cpp")
  
C:\Users\Andrey\Desktop\VKR_PROG\CacheProj\crow\routing.h(1043,45): warning C4267: +=: преобразование из "size_t" в "unsigned int"; возможна потеря данных
  (компиляция исходного файла "CacheProj.cpp")
  
C:\Users\Andrey\Desktop\VKR_PROG\CacheProj\crow\routing.h(1296,101): warning C4267: аргумент: преобразование из "size_t" в "unsigned int"; возможна потеря данных
  (компиляция исходного файла "CacheProj.cpp")
  
C:\Users\Andrey\Desktop\VKR_PROG\CacheProj\crow\routing.h(1296,87): warning C4267: аргумент: преобразование из "size_t" в "uint16_t"; возможна потеря данных
  (компиляция исходного файла "CacheProj.cpp")
  
C:\Users\Andrey\Desktop\VKR_PROG\CacheProj\crow\routing.h(1302,118): warning C4267: аргумент: преобразование из "size_t" в "unsigned int"; возможна потеря данных
  (компиляция исходного файла "CacheProj.cpp")
  
C:\Users\Andrey\Desktop\VKR_PROG\CacheProj\crow\routing.h(1363,111): warning C4267: аргумент: преобразование из "size_t" в "unsigned int"; возможна потеря данных
  (компиляция исходного файла "CacheProj.cpp")
  
C:\Users\Andrey\Desktop\VKR_PROG\CacheProj\crow\routing.h(1508,24): warning C4267: инициализация: преобразование из "size_t" в "int"; возможна потеря данных
  (компиляция исходного файла "CacheProj.cpp")
  
C:\Users\Andrey\Desktop\VKR_PROG\CacheProj\crow\http_server.h(237,37): warning C4267: =: преобразование из "size_t" в "uint16_t"; возможна потеря данных
  (компиляция исходного файла "CacheProj.cpp")
      C:\Users\Andrey\Desktop\VKR_PROG\CacheProj\crow\http_server.h(237,37):
      контекст создания экземпляра шаблона (сначала самый старый)
          C:\Users\Andrey\Desktop\VKR_PROG\CacheProj\CacheProj.cpp(23,21):
          выполняется компиляция ссылки на экземпляр класс шаблон функции "crow::Crow<>"
          C:\Users\Andrey\Desktop\VKR_PROG\CacheProj\crow\app.h(501,14):
          во время компиляции функции-члена класс шаблон "void crow::Crow<>::run(void)"
              C:\Users\Andrey\Desktop\VKR_PROG\CacheProj\CacheProj.cpp(75,39):
              см. первую ссылку на crow::Crow<>::run "main"
          C:\Users\Andrey\Desktop\VKR_PROG\CacheProj\crow\app.h(534,26):
          выполняется компиляция ссылки на экземпляр класс шаблон функции "crow::Server<crow::Crow<>,crow::SocketAdaptor>"
          C:\Users\Andrey\Desktop\VKR_PROG\CacheProj\crow\http_server.h(226,18):
          во время компиляции функции-члена класс шаблон "uint16_t crow::Server<crow::Crow<>,crow::SocketAdaptor>::pick_io_context_idx(void)"
              C:\Users\Andrey\Desktop\VKR_PROG\CacheProj\crow\http_server.h(246,38):
              см. первую ссылку на crow::Server<crow::Crow<>,crow::SocketAdaptor>::pick_io_context_idx "crow::Server<crow::Crow<>,crow::SocketAdaptor>::do_accept"
              C:\Users\Andrey\Desktop\VKR_PROG\CacheProj\crow\http_server.h(173,22):
              см. первую ссылку на crow::Server<crow::Crow<>,crow::SocketAdaptor>::do_accept "crow::Server<crow::Crow<>,crow::SocketAdaptor>::run"
              C:\Users\Andrey\Desktop\VKR_PROG\CacheProj\crow\app.h(540,29):
              см. первую ссылку на crow::Server<crow::Crow<>,crow::SocketAdaptor>::run "crow::Crow<>::run"
              C:\Users\Andrey\Desktop\VKR_PROG\CacheProj\CacheProj.cpp(75,39):
              см. первую ссылку на crow::Crow<>::run "main"
  
C:\Users\Andrey\Desktop\VKR_PROG\CacheProj\crow\http_connection.h(479,75): warning C4244: аргумент: преобразование "unsigned __int64" в "int", возможна потеря данных
  (компиляция исходного файла "CacheProj.cpp")
      C:\Users\Andrey\Desktop\VKR_PROG\CacheProj\crow\http_connection.h(479,75):
      контекст создания экземпляра шаблона (сначала самый старый)
          C:\Users\Andrey\Desktop\VKR_PROG\CacheProj\crow\http_server.h(242,14):
          во время компиляции функции-члена класс шаблон "void crow::Server<crow::Crow<>,crow::SocketAdaptor>::do_accept(void)"
              C:\Users\Andrey\Desktop\VKR_PROG\CacheProj\crow\http_server.h(173,22):
              см. первую ссылку на crow::Server<crow::Crow<>,crow::SocketAdaptor>::do_accept "crow::Server<crow::Crow<>,crow::SocketAdaptor>::run"
              C:\Users\Andrey\Desktop\VKR_PROG\CacheProj\crow\app.h(540,29):
              см. первую ссылку на crow::Server<crow::Crow<>,crow::SocketAdaptor>::run "crow::Crow<>::run"
              C:\Users\Andrey\Desktop\VKR_PROG\CacheProj\CacheProj.cpp(75,39):
              см. первую ссылку на crow::Crow<>::run "main"
          C:\Users\Andrey\Desktop\VKR_PROG\CacheProj\crow\http_server.h(256,19):
          выполняется компиляция ссылки на экземпляр класс шаблон функции "crow::Connection<Adaptor,Handler>"
          with
          [
              Adaptor=crow::SocketAdaptor,
              Handler=crow::Crow<>
          ]
          C:\Users\Andrey\Desktop\VKR_PROG\CacheProj\crow\http_connection.h(470,14):
          во время компиляции функции-члена класс шаблон "void crow::Connection<Adaptor,Handler>::do_read(void)"
          with
          [
              Adaptor=crow::SocketAdaptor,
              Handler=crow::Crow<>
          ]
              C:\Users\Andrey\Desktop\VKR_PROG\CacheProj\crow\http_connection.h(101,34):
              см. первую ссылку на crow::Connection<Adaptor,Handler>::do_read "crow::Connection<Adaptor,Handler>::start::<lambda_1>::operator ()"
          with
          [
              Adaptor=crow::SocketAdaptor,
              Handler=crow::Crow<>
          ]
  
C:\Users\Andrey\Desktop\VKR_PROG\CacheProj\crow\parser.h(127,25): warning C4267: инициализация: преобразование из "size_t" в "int"; возможна потеря данных
  (компиляция исходного файла "CacheProj.cpp")
      C:\Users\Andrey\Desktop\VKR_PROG\CacheProj\crow\parser.h(127,25):
      контекст создания экземпляра шаблона (сначала самый старый)
          C:\Users\Andrey\Desktop\VKR_PROG\CacheProj\crow\http_connection.h(591,32):
          выполняется компиляция ссылки на экземпляр класс шаблон функции "crow::HTTPParser<crow::Connection<Adaptor,Handler>>"
          with
          [
              Adaptor=crow::SocketAdaptor,
              Handler=crow::Crow<>
          ]
          C:\Users\Andrey\Desktop\VKR_PROG\CacheProj\crow\parser.h(111,14):
          во время компиляции функции-члена класс шаблон "bool crow::HTTPParser<crow::Connection<Adaptor,Handler>>::feed(const char *,int)"
          with
          [
              Adaptor=crow::SocketAdaptor,
              Handler=crow::Crow<>
          ]
              C:\Users\Andrey\Desktop\VKR_PROG\CacheProj\crow\http_connection.h(479,32):
              см. первую ссылку на crow::HTTPParser<crow::Connection<Adaptor,Handler>>::feed "crow::Connection<Adaptor,Handler>::do_read::<lambda_1>::operator ()"
          with
          [
              Adaptor=crow::SocketAdaptor,
              Handler=crow::Crow<>
          ]
  
C:\Users\Andrey\Desktop\VKR_PROG\CacheProj\crow\middleware.h(219,54): warning C4244: аргумент: преобразование "_Ty" в "int", возможна потеря данных
C:\Users\Andrey\Desktop\VKR_PROG\CacheProj\crow\middleware.h(219,54): warning C4244:         with
C:\Users\Andrey\Desktop\VKR_PROG\CacheProj\crow\middleware.h(219,54): warning C4244:         [
C:\Users\Andrey\Desktop\VKR_PROG\CacheProj\crow\middleware.h(219,54): warning C4244:             _Ty=crow::black_magic::single_tag_to_type<1>::type
C:\Users\Andrey\Desktop\VKR_PROG\CacheProj\crow\middleware.h(219,54): warning C4244:         ]
  (компиляция исходного файла "CacheProj.cpp")
      C:\Users\Andrey\Desktop\VKR_PROG\CacheProj\crow\middleware.h(219,54):
      контекст создания экземпляра шаблона (сначала самый старый)
          C:\Users\Andrey\Desktop\VKR_PROG\CacheProj\CacheProj.cpp(50,56):
          выполняется компиляция ссылки на экземпляр шаблон функции "void crow::TaggedRule<crow::black_magic::single_tag_to_type<4>::type,crow::black_magic::single_tag_to_type<1>::type>::operator ()<main::<lambda_3>>(Func &&)"
          with
          [
              Func=main::<lambda_3>
          ]
              C:\Users\Andrey\Desktop\VKR_PROG\CacheProj\CacheProj.cpp(51,9):
              см. первую ссылку на crow::TaggedRule<crow::black_magic::single_tag_to_type<4>::type,crow::black_magic::single_tag_to_type<1>::type>::operator () "main"
          C:\Users\Andrey\Desktop\VKR_PROG\CacheProj\crow\routing.h(668,25):
          выполняется компиляция ссылки на экземпляр шаблон функции "void crow::detail::wrapped_handler_call<main::<lambda_3>,_Ty,__int64>(crow::request &,crow::response &,const F &,_Ty &&,__int64 &&)"
          with
          [
              _Ty=std::string,
              F=main::<lambda_3>
          ]
  
  CacheProj.vcxproj -> C:\Users\Andrey\Desktop\VKR_PROG\CacheProj\x64\Debug\CacheProj.exe
